0 info it worked if it ends with ok
1 verbose cli [ 'node', '/usr/local/bin/npm', 'publish' ]
2 info using npm@1.4.9
3 info using node@v0.10.28
4 verbose publish [ '.' ]
5 verbose cache add [ '.', null ]
6 verbose cache add name=undefined spec="." args=[".",null]
7 verbose parsed url { protocol: null,
7 verbose parsed url   slashes: null,
7 verbose parsed url   auth: null,
7 verbose parsed url   host: null,
7 verbose parsed url   port: null,
7 verbose parsed url   hostname: null,
7 verbose parsed url   hash: null,
7 verbose parsed url   search: null,
7 verbose parsed url   query: null,
7 verbose parsed url   pathname: '.',
7 verbose parsed url   path: '.',
7 verbose parsed url   href: '.' }
8 silly lockFile 3a52ce78- .
9 verbose lock . /Users/adwilk/.npm/3a52ce78-.lock
10 verbose tar pack [ '/var/folders/0n/x4wzrnyj49l38ftbn7rtsz2h0000gn/T/npm-8024-TAMepZky/1419433589589-0.26253094454295933/tmp.tgz',
10 verbose tar pack   '.' ]
11 verbose tarball /var/folders/0n/x4wzrnyj49l38ftbn7rtsz2h0000gn/T/npm-8024-TAMepZky/1419433589589-0.26253094454295933/tmp.tgz
12 verbose folder .
13 info prepublish thyme@1.0.0
14 silly lockFile 1f1177db-tar tar://.
15 verbose lock tar://. /Users/adwilk/.npm/1f1177db-tar.lock
16 silly lockFile abd08208-9589-0-26253094454295933-tmp-tgz tar:///var/folders/0n/x4wzrnyj49l38ftbn7rtsz2h0000gn/T/npm-8024-TAMepZky/1419433589589-0.26253094454295933/tmp.tgz
17 verbose lock tar:///var/folders/0n/x4wzrnyj49l38ftbn7rtsz2h0000gn/T/npm-8024-TAMepZky/1419433589589-0.26253094454295933/tmp.tgz /Users/adwilk/.npm/abd08208-9589-0-26253094454295933-tmp-tgz.lock
18 silly lockFile 1f1177db-tar tar://.
19 silly lockFile 1f1177db-tar tar://.
20 silly lockFile abd08208-9589-0-26253094454295933-tmp-tgz tar:///var/folders/0n/x4wzrnyj49l38ftbn7rtsz2h0000gn/T/npm-8024-TAMepZky/1419433589589-0.26253094454295933/tmp.tgz
21 silly lockFile abd08208-9589-0-26253094454295933-tmp-tgz tar:///var/folders/0n/x4wzrnyj49l38ftbn7rtsz2h0000gn/T/npm-8024-TAMepZky/1419433589589-0.26253094454295933/tmp.tgz
22 verbose tar unpack /var/folders/0n/x4wzrnyj49l38ftbn7rtsz2h0000gn/T/npm-8024-TAMepZky/1419433589589-0.26253094454295933/tmp.tgz
23 silly lockFile 67dcf10b-s-adwilk-npm-thyme-1-0-0-package tar:///Users/adwilk/.npm/thyme/1.0.0/package
24 verbose lock tar:///Users/adwilk/.npm/thyme/1.0.0/package /Users/adwilk/.npm/67dcf10b-s-adwilk-npm-thyme-1-0-0-package.lock
25 silly lockFile abd08208-9589-0-26253094454295933-tmp-tgz tar:///var/folders/0n/x4wzrnyj49l38ftbn7rtsz2h0000gn/T/npm-8024-TAMepZky/1419433589589-0.26253094454295933/tmp.tgz
26 verbose lock tar:///var/folders/0n/x4wzrnyj49l38ftbn7rtsz2h0000gn/T/npm-8024-TAMepZky/1419433589589-0.26253094454295933/tmp.tgz /Users/adwilk/.npm/abd08208-9589-0-26253094454295933-tmp-tgz.lock
27 silly gunzTarPerm modes [ '755', '644' ]
28 silly gunzTarPerm extractEntry package.json
29 silly gunzTarPerm extractEntry .npmignore
30 silly gunzTarPerm extractEntry README.md
31 silly gunzTarPerm modified mode [ 'README.md', 436, 420 ]
32 silly gunzTarPerm extractEntry thyme.js
33 silly gunzTarPerm modified mode [ 'thyme.js', 436, 420 ]
34 silly lockFile 67dcf10b-s-adwilk-npm-thyme-1-0-0-package tar:///Users/adwilk/.npm/thyme/1.0.0/package
35 silly lockFile 67dcf10b-s-adwilk-npm-thyme-1-0-0-package tar:///Users/adwilk/.npm/thyme/1.0.0/package
36 silly lockFile abd08208-9589-0-26253094454295933-tmp-tgz tar:///var/folders/0n/x4wzrnyj49l38ftbn7rtsz2h0000gn/T/npm-8024-TAMepZky/1419433589589-0.26253094454295933/tmp.tgz
37 silly lockFile abd08208-9589-0-26253094454295933-tmp-tgz tar:///var/folders/0n/x4wzrnyj49l38ftbn7rtsz2h0000gn/T/npm-8024-TAMepZky/1419433589589-0.26253094454295933/tmp.tgz
38 silly lockFile 3a52ce78- .
39 silly lockFile 3a52ce78- .
40 silly publish { name: 'thyme',
40 silly publish   version: '1.0.0',
40 silly publish   description: 'timer abstraction',
40 silly publish   author: { name: 'adwilk@mac.com' },
40 silly publish   license: 'MIT',
40 silly publish   dependencies: { q: '^1.1.2' },
40 silly publish   readme: '```js\nvar thyme = require(\'thyme\');\n\nthyme.wait(5000).every(1000).for(3).do(function(){\n\tconsole.log(\'tick\');\n}).then(function(){\n\tconsole.log(\'boom\');\n});\n```',
40 silly publish   readmeFilename: 'README.md',
40 silly publish   _id: 'thyme@1.0.0',
40 silly publish   _shasum: 'a13a94f64d0fa1e1e9db3c503451a70382813575',
40 silly publish   _from: '.' }
41 verbose url raw thyme
42 verbose url resolving [ 'https://registry.npmjs.org/', './thyme' ]
43 verbose url resolved https://registry.npmjs.org/thyme
44 info trying registry request attempt 1 at 15:06:29
45 http PUT https://registry.npmjs.org/thyme
46 http 403 https://registry.npmjs.org/thyme
47 verbose headers { date: 'Wed, 24 Dec 2014 15:06:28 GMT',
47 verbose headers   server: 'CouchDB/1.5.0 (Erlang OTP/R16B03)',
47 verbose headers   'content-type': 'application/json',
47 verbose headers   'cache-control': 'max-age=60',
47 verbose headers   'content-length': '3416',
47 verbose headers   'accept-ranges': 'bytes',
47 verbose headers   via: '1.1 varnish',
47 verbose headers   'x-served-by': 'cache-lcy1122-LCY',
47 verbose headers   'x-cache': 'MISS',
47 verbose headers   'x-cache-hits': '0',
47 verbose headers   'x-timer': 'S1419433587.892788,VS0,VE606',
47 verbose headers   'keep-alive': 'timeout=10, max=50',
47 verbose headers   connection: 'Keep-Alive' }
48 error publish Failed PUT 403
49 error Error: forbidden user: adwilk not authorized to modify thyme
49 error Changed: dist-tags.latest "0.1.6" -> "1.0.0"
49 error Added: versions.1.0.0
49 error Changed: time.modified "2012-08-23T11:05:16.106Z" -> "2014-12-24T15:08:15.976Z"
49 error Added: time.1.0.0
49 error Changed: author.name "Craig Condon" -> "adwilk@mac.com"
49 error Deleted: author.email
49 error Deleted: repository
49 error Changed: description "What's this? ------------" -> "timer abstraction"
49 error Changed: readme "What's this?\u000a------------\u000a\u000aA queue / cron manager for beanpole based apps, kinda like cron jobs. \u000a\u000aWhat can it do?\u000a---------------\u000a\u000a- Register a request to call at a specific time.\u000a- Register a ton of calls at an unspecified time, and thyme will send them immediately, one after the other.\u000a- If a request fails, you can specify the time to try and make the request again, and the number of times to send the request before disposing it.\u000a- You can specifed a number of concurrent requests to make at any given time. \u000a\u000a\u000a\u000a## Requirements\u000a\u000a- node.js\u000a- rabbitmq\u000a- haba\u000a- daisy\u000a\u000a\u000a## Usage\u000a\u000aStartup the thyme server:\u000a\u000a\u0009thyme\u000a\u000aIn your **master** server:\u000a\u000a````javascript\u000avar router = require('beanpoll').router(),\u000aloader = require('haba').loader();\u000a\u000aloader.require({\u000a\u0009daisy: {\u000a\u0009\u0009remoteName: 'app-master',\u000a\u0009\u0009transport: {\u000a\u0009\u0009\u0009rabbitmq: 'localhost'\u000a\u0009\u0009}\u000a\u0009}\u000a});\u000a\u000arouter.on({\u000a\u0009\u000a\u0009'push -hook thyme/ready': function() {\u000a\u0009\u0009\u000a\u0009\u0009this.from.push('thyme/worker', { channel: 'do/work', queue: 'app-slave' });\u000a\u000a\u0009},\u000a\u000a\u0009'push -hook app-slave/ready': function() {\u000a\u0009\u0009\u000a\u0009\u0009router.push('thyme/enqueue', { queue:'app-slave', channel: 'do/work', data: data.message, sendAt: Date.now() + cron.timeout('* * * * * *') });\u000a\u0009\u0009\u000a\u0009}\u000a});\u000a\u000a````\u000a\u000aIn your **slave** server (worker):\u000a\u000a```javascript\u000avar router = require('beanpoll').router(),\u000aloader = require('haba').loader(),\u000acron = require('cron');\u000a\u000aloader.require({\u000a\u0009daisy: {\u000a\u0009\u0009remoteName: 'app-slave',\u000a\u0009\u0009transport: {\u000a\u0009\u0009\u0009rabbitmq: 'localhost'\u000a\u0009\u0009}\u000a\u0009}\u000a});\u000a\u000arouter.on({\u000a\u0009\u000a\u0009'pull -hook do/work': function(data) {\u000a\u0009\u0009\u000a\u0009\u0009//re-add the job with NEW data N seconds from now\u000a\u0009\u0009res.end({ sendAt: Date.now() + 1000, data: 'new data' });\u000a\u0009}\u000a});\u000a```\u000a\u000a\u000aTo Do:\u000a------\u000a\u000a- ordering queue based on request/response speed. \u000a- need to check if call exists before making it.\u000a- don't send queues of handler is not present.\u000a" -> "```js\u000avar thyme = require('thyme');\u000a\u000athyme.wait(5000).every(1000).for(3).do(function(){\u000a\u0009console.log('tick');\u000a}).then(function(){\u000a\u0009console.log('boom');\u000a});\u000a```"
49 error Changed: readmeFilename "" -> "README.md"
49 error Added: license
49 error Added: _attachments: thyme
49 error     at RegClient.<anonymous> (/usr/local/lib/node_modules/npm/node_modules/npm-registry-client/lib/request.js:273:14)
49 error     at Request._callback (/usr/local/lib/node_modules/npm/node_modules/npm-registry-client/lib/request.js:211:65)
49 error     at Request.self.callback (/usr/local/lib/node_modules/npm/node_modules/request/request.js:123:22)
49 error     at Request.EventEmitter.emit (events.js:98:17)
49 error     at Request.<anonymous> (/usr/local/lib/node_modules/npm/node_modules/request/request.js:893:14)
49 error     at Request.EventEmitter.emit (events.js:117:20)
49 error     at IncomingMessage.<anonymous> (/usr/local/lib/node_modules/npm/node_modules/request/request.js:844:12)
49 error     at IncomingMessage.EventEmitter.emit (events.js:117:20)
49 error     at _stream_readable.js:919:16
49 error     at process._tickCallback (node.js:419:13)
50 error If you need help, you may report this *entire* log,
50 error including the npm and node versions, at:
50 error     <http://github.com/npm/npm/issues>
51 error System Darwin 14.1.0
52 error command "node" "/usr/local/bin/npm" "publish"
53 error cwd /Users/adwilk/Projects/thyme
54 error node -v v0.10.28
55 error npm -v 1.4.9
56 verbose exit [ 1, true ]
